\BOOKMARK [0][-]{section*.2}{Contents}{}% 1
\BOOKMARK [0][-]{section*.4}{Kivonat}{}% 2
\BOOKMARK [0][-]{section*.7}{Abstract}{}% 3
\BOOKMARK [0][-]{section*.10}{Hallgat\363i nyilatkozat}{}% 4
\BOOKMARK [0][-]{chapter.11}{Introduction}{}% 5
\BOOKMARK [0][-]{chapter.14}{Background}{}% 6
\BOOKMARK [1][-]{section.15}{Development methods}{chapter.14}% 7
\BOOKMARK [2][-]{subsection.17}{Model driven software development}{section.15}% 8
\BOOKMARK [2][-]{subsection.18}{Y model}{section.15}% 9
\BOOKMARK [2][-]{subsection.20}{Modeling languages on different levels of abstraction}{section.15}% 10
\BOOKMARK [1][-]{section.26}{Verification techniques}{chapter.14}% 11
\BOOKMARK [2][-]{subsection.27}{Design time verification}{section.26}% 12
\BOOKMARK [2][-]{subsection.28}{Runtime verification}{section.26}% 13
\BOOKMARK [1][-]{section.29}{Complex event processing}{chapter.14}% 14
\BOOKMARK [2][-]{subsection.31}{Complex Event Processing Frameworks}{section.29}% 15
\BOOKMARK [1][-]{section.32}{Runtime verification with CEP}{chapter.14}% 16
\BOOKMARK [1][-]{section.35}{Model based tools}{chapter.14}% 17
\BOOKMARK [2][-]{subsection.36}{Eclipse Modeling Framework}{section.35}% 18
\BOOKMARK [2][-]{subsection.37}{VIATRA}{section.35}% 19
\BOOKMARK [2][-]{subsection.38}{VIATRA-CEP}{section.35}% 20
\BOOKMARK [0][-]{chapter.40}{VIATRA-CEP}{}% 21
\BOOKMARK [1][-]{section.41}{Live model integration}{chapter.40}% 22
\BOOKMARK [1][-]{section.43}{Event Pattern Language}{chapter.40}% 23
\BOOKMARK [1][-]{section.48}{Contexts}{chapter.40}% 24
\BOOKMARK [2][-]{subsection.49}{Matching and partial matches}{section.48}% 25
\BOOKMARK [2][-]{subsection.50}{Noise and noise-reduction}{section.48}% 26
\BOOKMARK [2][-]{subsection.51}{Overview of the event contexts}{section.48}% 27
\BOOKMARK [1][-]{section.54}{Overview of the architecture}{chapter.40}% 28
\BOOKMARK [1][-]{section.56}{Intermediate modeling layer}{chapter.40}% 29
\BOOKMARK [0][-]{chapter.59}{Intermediate Language}{}% 30
\BOOKMARK [1][-]{section.63}{Regular Expression}{chapter.59}% 31
\BOOKMARK [2][-]{subsection.68}{Deterministic Finite Automaton}{section.63}% 32
\BOOKMARK [1][-]{section.72}{Timed Regular Expression}{chapter.59}% 33
\BOOKMARK [2][-]{subsection.76}{Timed Event Automaton}{section.72}% 34
\BOOKMARK [2][-]{subsection.84}{Timed Region Automaton}{section.72}% 35
\BOOKMARK [1][-]{section.92}{Parametric Timed Regular Expression}{chapter.59}% 36
\BOOKMARK [2][-]{subsection.94}{Parametric Timed Region Automaton}{section.92}% 37
\BOOKMARK [2][-]{subsection.103}{Summary of Formalisms}{section.92}% 38
\BOOKMARK [1][-]{section.108}{Implementation}{chapter.59}% 39
\BOOKMARK [2][-]{subsection.110}{Parametric Timed Region Event Automaton}{section.108}% 40
\BOOKMARK [2][-]{subsection.115}{Parametric Timed Regular Expression}{section.108}% 41
\BOOKMARK [2][-]{subsection.193}{Transformation from Regular Expression to Automaton}{section.108}% 42
\BOOKMARK [2][-]{subsection.226}{VEPL to Regular expressions}{section.108}% 43
\BOOKMARK [0][-]{chapter.229}{Additions}{}% 44
\BOOKMARK [1][-]{section.230}{Tokens and parameters}{chapter.229}% 45
\BOOKMARK [2][-]{subsection.242}{Possible Data Structures for Parameter Binding Relations}{section.230}% 46
\BOOKMARK [0][-]{section*.252}{References}{}% 47
